Arguments: 
  /Users/hedinn/.nvm/versions/node/v12.22.1/bin/node /Users/hedinn/.nvm/versions/node/v12.22.1/bin/yarn add @types/color2

PATH: 
  /Users/hedinn/bin:/Users/hedinn/.nvm/versions/node/v12.22.1/bin:/usr/local/bin:/usr/bin:/bin:/usr/sbin:/sbin:/opt/local/bin:/Library/Apple/usr/bin:/Users/hedinn/.fig/bin:/opt/local/bin

Yarn version: 
  1.22.10

Node version: 
  12.22.1

Platform: 
  darwin x64

Trace: 
  Error: https://registry.yarnpkg.com/@types%2fcolor2: Not found
      at Request.params.callback [as _callback] (/Users/hedinn/.nvm/versions/node/v12.22.1/lib/node_modules/yarn/lib/cli.js:66988:18)
      at Request.self.callback (/Users/hedinn/.nvm/versions/node/v12.22.1/lib/node_modules/yarn/lib/cli.js:140662:22)
      at Request.emit (events.js:314:20)
      at Request.<anonymous> (/Users/hedinn/.nvm/versions/node/v12.22.1/lib/node_modules/yarn/lib/cli.js:141634:10)
      at Request.emit (events.js:314:20)
      at IncomingMessage.<anonymous> (/Users/hedinn/.nvm/versions/node/v12.22.1/lib/node_modules/yarn/lib/cli.js:141556:12)
      at Object.onceWrapper (events.js:420:28)
      at IncomingMessage.emit (events.js:326:22)
      at endReadableNT (_stream_readable.js:1241:12)
      at processTicksAndRejections (internal/process/task_queues.js:84:21)

npm manifest: 
  {
    "devDependencies": {
      "@types/color": "^3.0.2",
      "@types/node": "^16.7.10",
      "ts-node": "^10.2.1",
      "typescript": "^4.4.2"
    },
    "scripts": {
      "start": "ts-node create.ts"
    },
    "engines": {
      "vscode": "^1.60.0"
    },
    "version": "3.0.0",
    "name": "popping-and-locking-vscode",
    "dependencies": {
      "color": "^4.0.1",
      "color-manipulate": "^1.0.1",
      "color2": "^1.0.8"
    }
  }

yarn manifest: 
  No manifest

Lockfile: 
  # THIS IS AN AUTOGENERATED FILE. DO NOT EDIT THIS FILE DIRECTLY.
  # yarn lockfile v1
  
  
  "@cspotcode/source-map-consumer@0.8.0":
    version "0.8.0"
    resolved "https://registry.yarnpkg.com/@cspotcode/source-map-consumer/-/source-map-consumer-0.8.0.tgz#33bf4b7b39c178821606f669bbc447a6a629786b"
    integrity sha512-41qniHzTU8yAGbCp04ohlmSrZf8bkf/iJsl3V0dRGsQN/5GFfx+LbCSsCpp2gqrqjTVg/K6O8ycoV35JIwAzAg==
  
  "@cspotcode/source-map-support@0.6.1":
    version "0.6.1"
    resolved "https://registry.yarnpkg.com/@cspotcode/source-map-support/-/source-map-support-0.6.1.tgz#118511f316e2e87ee4294761868e254d3da47960"
    integrity sha512-DX3Z+T5dt1ockmPdobJS/FAsQPW4V4SrWEhD2iYQT2Cb2tQsiMnYxrcUH9By/Z3B+v0S5LMBkQtV/XOBbpLEOg==
    dependencies:
      "@cspotcode/source-map-consumer" "0.8.0"
  
  "@tsconfig/node10@^1.0.7":
    version "1.0.8"
    resolved "https://registry.yarnpkg.com/@tsconfig/node10/-/node10-1.0.8.tgz#c1e4e80d6f964fbecb3359c43bd48b40f7cadad9"
    integrity sha512-6XFfSQmMgq0CFLY1MslA/CPUfhIL919M1rMsa5lP2P097N2Wd1sSX0tx1u4olM16fLNhtHZpRhedZJphNJqmZg==
  
  "@tsconfig/node12@^1.0.7":
    version "1.0.9"
    resolved "https://registry.yarnpkg.com/@tsconfig/node12/-/node12-1.0.9.tgz#62c1f6dee2ebd9aead80dc3afa56810e58e1a04c"
    integrity sha512-/yBMcem+fbvhSREH+s14YJi18sp7J9jpuhYByADT2rypfajMZZN4WQ6zBGgBKp53NKmqI36wFYDb3yaMPurITw==
  
  "@tsconfig/node14@^1.0.0":
    version "1.0.1"
    resolved "https://registry.yarnpkg.com/@tsconfig/node14/-/node14-1.0.1.tgz#95f2d167ffb9b8d2068b0b235302fafd4df711f2"
    integrity sha512-509r2+yARFfHHE7T6Puu2jjkoycftovhXRqW328PDXTVGKihlb1P8Z9mMZH04ebyajfRY7dedfGynlrFHJUQCg==
  
  "@tsconfig/node16@^1.0.2":
    version "1.0.2"
    resolved "https://registry.yarnpkg.com/@tsconfig/node16/-/node16-1.0.2.tgz#423c77877d0569db20e1fc80885ac4118314010e"
    integrity sha512-eZxlbI8GZscaGS7kkc/trHTT5xgrjH3/1n2JDwusC9iahPKWMRvRjJSAN5mCXviuTGQ/lHnhvv8Q1YTpnfz9gA==
  
  "@types/color-convert@*":
    version "2.0.0"
    resolved "https://registry.yarnpkg.com/@types/color-convert/-/color-convert-2.0.0.tgz#8f5ee6b9e863dcbee5703f5a517ffb13d3ea4e22"
    integrity sha512-m7GG7IKKGuJUXvkZ1qqG3ChccdIM/qBBo913z+Xft0nKCX4hAU/IxKwZBU4cpRZ7GS5kV4vOblUkILtSShCPXQ==
    dependencies:
      "@types/color-name" "*"
  
  "@types/color-name@*":
    version "1.1.1"
    resolved "https://registry.yarnpkg.com/@types/color-name/-/color-name-1.1.1.tgz#1c1261bbeaa10a8055bbc5d8ab84b7b2afc846a0"
    integrity sha512-rr+OQyAjxze7GgWrSaJwydHStIhHq2lvY3BOC2Mj7KnzI7XK0Uw1TOOdI9lDoajEbSWLiYgoo4f1R51erQfhPQ==
  
  "@types/color@^3.0.2":
    version "3.0.2"
    resolved "https://registry.yarnpkg.com/@types/color/-/color-3.0.2.tgz#3779043e782f562aa9157b5fc6bd07e14fd8e7f3"
    integrity sha512-INiJl6sfNn8iyC5paxVzqiVUEj2boIlFki02uRTAkKwAj++7aAF+ZfEv/XrIeBa0XI/fTZuDHW8rEEcEVnON+Q==
    dependencies:
      "@types/color-convert" "*"
  
  "@types/node@^16.7.10":
    version "16.7.10"
    resolved "https://registry.yarnpkg.com/@types/node/-/node-16.7.10.tgz#7aa732cc47341c12a16b7d562f519c2383b6d4fc"
    integrity sha512-S63Dlv4zIPb8x6MMTgDq5WWRJQe56iBEY0O3SOFA9JrRienkOVDXSXBjjJw6HTNQYSE2JI6GMCR6LVbIMHJVvA==
  
  acorn-walk@^8.1.1:
    version "8.1.1"
    resolved "https://registry.yarnpkg.com/acorn-walk/-/acorn-walk-8.1.1.tgz#3ddab7f84e4a7e2313f6c414c5b7dac85f4e3ebc"
    integrity sha512-FbJdceMlPHEAWJOILDk1fXD8lnTlEIWFkqtfk+MvmL5q/qlHfN7GEHcsFZWt/Tea9jRNPWUZG4G976nqAAmU9w==
  
  acorn@^8.4.1:
    version "8.4.1"
    resolved "https://registry.yarnpkg.com/acorn/-/acorn-8.4.1.tgz#56c36251fc7cabc7096adc18f05afe814321a28c"
    integrity sha512-asabaBSkEKosYKMITunzX177CXxQ4Q8BSSzMTKD+FefUhipQC70gfW5SiUDhYQ3vk8G+81HqQk7Fv9OXwwn9KA==
  
  almost-equal@^1.1.0:
    version "1.1.0"
    resolved "https://registry.yarnpkg.com/almost-equal/-/almost-equal-1.1.0.tgz#f851c631138757994276aa2efbe8dfa3066cccdd"
    integrity sha1-+FHGMROHV5lCdqou++jfowZszN0=
  
  arg@^4.1.0:
    version "4.1.3"
    resolved "https://registry.yarnpkg.com/arg/-/arg-4.1.3.tgz#269fc7ad5b8e42cb63c896d5666017261c144089"
    integrity sha512-58S9QDqG0Xx27YwPSt9fJxivjYl432YCwfDMfZ+71RAqUrZef7LrKQZ3LHLOwCS4FLNBplP533Zx895SeOCHvA==
  
  assertion-error@^1.0.1:
    version "1.1.0"
    resolved "https://registry.yarnpkg.com/assertion-error/-/assertion-error-1.1.0.tgz#e60b6b0e8f301bd97e5375215bda406c85118c0b"
    integrity sha512-jgsaNduz+ndvGyFt3uSuWqvy4lCnIJiovtouQN5JZHOKCS2QuhEdbcQHFhVksz2N2U9hXJo8odG7ETyWlEeuDw==
  
  chai@^3.0.0:
    version "3.5.0"
    resolved "https://registry.yarnpkg.com/chai/-/chai-3.5.0.tgz#4d02637b067fe958bdbfdd3a40ec56fef7373247"
    integrity sha1-TQJjewZ/6Vi9v906QOxW/vc3Mkc=
    dependencies:
      assertion-error "^1.0.1"
      deep-eql "^0.1.3"
      type-detect "^1.0.0"
  
  color-convert@^2.0.1:
    version "2.0.1"
    resolved "https://registry.yarnpkg.com/color-convert/-/color-convert-2.0.1.tgz#72d3a68d598c9bdb3af2ad1e84f21d896abd4de3"
    integrity sha512-RRECPsj7iu/xb5oKYcsFHSppFNnsj/52OVTRKb4zP5onXwVF3zVmmToNcOfGC+CRDpfK/U584fMg38ZHCaElKQ==
    dependencies:
      color-name "~1.1.4"
  
  color-manipulate@^1.0.1:
    version "1.0.1"
    resolved "https://registry.yarnpkg.com/color-manipulate/-/color-manipulate-1.0.1.tgz#fd2909225eba961125702de340534cb1c285d0fb"
    integrity sha1-/SkJIl66lhElcC3jQFNMscKF0Ps=
    dependencies:
      chai "^3.0.0"
      mumath "^1.0.2"
  
  color-measure@^1.0.1:
    version "1.0.1"
    resolved "https://registry.yarnpkg.com/color-measure/-/color-measure-1.0.1.tgz#ce62d09e9e55e0c5994aea4d4f365a1a6bacffc4"
    integrity sha1-zmLQnp5V4MWZSupNTzZaGmus/8Q=
  
  color-name@^1.0.0, color-name@~1.1.4:
    version "1.1.4"
    resolved "https://registry.yarnpkg.com/color-name/-/color-name-1.1.4.tgz#c2a09a87acbde69543de6f63fa3995c826c536a2"
    integrity sha512-dOy+3AuW3a2wNbZHIuMZpTcgjGuLU/uBL/ubcZF9OXbDo8ff4O8yVp5Bf0efS8uEoYo5q4Fx7dY9OgQGXgAsQA==
  
  color-parse@^1.0.2:
    version "1.4.2"
    resolved "https://registry.yarnpkg.com/color-parse/-/color-parse-1.4.2.tgz#78651f5d34df1a57f997643d86f7f87268ad4eb5"
    integrity sha512-RI7s49/8yqDj3fECFZjUI1Yi0z/Gq1py43oNJivAIIDSyJiOZLfYCRQEgn8HEVAj++PcRe8AnL2XF0fRJ3BTnA==
    dependencies:
      color-name "^1.0.0"
  
  color-space@^1.0.0:
    version "1.16.0"
    resolved "https://registry.yarnpkg.com/color-space/-/color-space-1.16.0.tgz#611781bca41cd8582a1466fd9e28a7d3d89772a2"
    integrity sha512-A6WMiFzunQ8KEPFmj02OnnoUnqhmSaHaZ/0LVFcPTdlvm8+3aMJ5x1HRHy3bDHPkovkf4sS0f4wsVvwk71fKkg==
    dependencies:
      hsluv "^0.0.3"
      mumath "^3.3.4"
  
  color-string@^1.6.0:
    version "1.6.0"
    resolved "https://registry.yarnpkg.com/color-string/-/color-string-1.6.0.tgz#c3915f61fe267672cb7e1e064c9d692219f6c312"
    integrity sha512-c/hGS+kRWJutUBEngKKmk4iH3sD59MBkoxVapS/0wgpCz2u7XsNloxknyvBhzwEs1IbV36D9PwqLPJ2DTu3vMA==
    dependencies:
      color-name "^1.0.0"
      simple-swizzle "^0.2.2"
  
  color-stringify@^1.0.1:
    version "1.2.1"
    resolved "https://registry.yarnpkg.com/color-stringify/-/color-stringify-1.2.1.tgz#289b5cf0dff64d147bf76b2317f93a573a3fe071"
    integrity sha1-KJtc8N/2TRR792sjF/k6Vzo/4HE=
    dependencies:
      color-name "^1.0.0"
  
  color2@^1.0.8:
    version "1.0.8"
    resolved "https://registry.yarnpkg.com/color2/-/color2-1.0.8.tgz#f3a1e69fbe8650cfcb06c64230732afa5e41edd1"
    integrity sha1-86Hmn76GUM/LBsZCMHMq+l5B7dE=
    dependencies:
      color-manipulate "^1.0.1"
      color-measure "^1.0.1"
      color-name "^1.0.0"
      color-parse "^1.0.2"
      color-space "^1.0.0"
      color-stringify "^1.0.1"
      left-pad latest
      mumath "^1.0.2"
      mutype "^0.3.5"
      sliced latest
  
  color@^4.0.1:
    version "4.0.1"
    resolved "https://registry.yarnpkg.com/color/-/color-4.0.1.tgz#21df44cd10245a91b1ccf5ba031609b0e10e7d67"
    integrity sha512-rpZjOKN5O7naJxkH2Rx1sZzzBgaiWECc6BYXjeCE6kF0kcASJYbUq02u7JqIHwCb/j3NhV+QhRL2683aICeGZA==
    dependencies:
      color-convert "^2.0.1"
      color-string "^1.6.0"
  
  create-require@^1.1.0:
    version "1.1.1"
    resolved "https://registry.yarnpkg.com/create-require/-/create-require-1.1.1.tgz#c1d7e8f1e5f6cfc9ff65f9cd352d37348756c333"
    integrity sha512-dcKFX3jn0MpIaXjisoRvexIJVEKzaq7z2rZKxf+MSr9TkdmHmsU4m2lcLojrj/FHl8mk5VxMmYA+ftRkP/3oKQ==
  
  deep-eql@^0.1.3:
    version "0.1.3"
    resolved "https://registry.yarnpkg.com/deep-eql/-/deep-eql-0.1.3.tgz#ef558acab8de25206cd713906d74e56930eb69f2"
    integrity sha1-71WKyrjeJSBs1xOQbXTlaTDrafI=
    dependencies:
      type-detect "0.1.1"
  
  diff@^4.0.1:
    version "4.0.2"
    resolved "https://registry.yarnpkg.com/diff/-/diff-4.0.2.tgz#60f3aecb89d5fae520c11aa19efc2bb982aade7d"
    integrity sha512-58lmxKSA4BNyLz+HHMUzlOEpg09FV+ev6ZMe3vJihgdxzgcwZ8VoEEPmALCZG9LmqfVoNMMKpttIYTVG6uDY7A==
  
  hsluv@^0.0.3:
    version "0.0.3"
    resolved "https://registry.yarnpkg.com/hsluv/-/hsluv-0.0.3.tgz#829107dafb4a9f8b52a1809ed02e091eade6754c"
    integrity sha1-gpEH2vtKn4tSoYCe0C4JHq3mdUw=
  
  is-arrayish@^0.3.1:
    version "0.3.2"
    resolved "https://registry.yarnpkg.com/is-arrayish/-/is-arrayish-0.3.2.tgz#4574a2ae56f7ab206896fb431eaeed066fdf8f03"
    integrity sha512-eVRqCvVlZbuw3GrM63ovNSNAeA1K16kaR/LRY/92w0zxQ5/1YzwblUX652i4Xs9RwAGjW9d9y6X88t8OaAJfWQ==
  
  left-pad@latest:
    version "1.3.0"
    resolved "https://registry.yarnpkg.com/left-pad/-/left-pad-1.3.0.tgz#5b8a3a7765dfe001261dde915589e782f8c94d1e"
    integrity sha512-XI5MPzVNApjAyhQzphX8BkmKsKUxD4LdyK24iZeQGinBN9yTQT3bFlCBy/aVx2HrNcqQGsdot8ghrjyrvMCoEA==
  
  make-error@^1.1.1:
    version "1.3.6"
    resolved "https://registry.yarnpkg.com/make-error/-/make-error-1.3.6.tgz#2eb2e37ea9b67c4891f684a1394799af484cf7a2"
    integrity sha512-s8UhlNe7vPKomQhC1qFelMokr/Sc3AgNbso3n74mVPA5LTZwkB9NlXf4XPamLxJE8h0gh73rM94xvwRT2CVInw==
  
  mumath@^1.0.2:
    version "1.0.2"
    resolved "https://registry.yarnpkg.com/mumath/-/mumath-1.0.2.tgz#371b2fe68e788235a585968aa972620eca015d7c"
    integrity sha1-Nxsv5o54gjWlhZaKqXJiDsoBXXw=
  
  mumath@^3.3.4:
    version "3.3.4"
    resolved "https://registry.yarnpkg.com/mumath/-/mumath-3.3.4.tgz#48d4a0f0fd8cad4e7b32096ee89b161a63d30bbf"
    integrity sha1-SNSg8P2MrU57Mglu6JsWGmPTC78=
    dependencies:
      almost-equal "^1.1.0"
  
  mutype@^0.3.5:
    version "0.3.9"
    resolved "https://registry.yarnpkg.com/mutype/-/mutype-0.3.9.tgz#12e121b1277450344edb9293385c783343411bcb"
    integrity sha1-EuEhsSd0UDRO25KTOFx4M0NBG8s=
  
  simple-swizzle@^0.2.2:
    version "0.2.2"
    resolved "https://registry.yarnpkg.com/simple-swizzle/-/simple-swizzle-0.2.2.tgz#a4da6b635ffcccca33f70d17cb92592de95e557a"
    integrity sha1-pNprY1/8zMoz9w0Xy5JZLeleVXo=
    dependencies:
      is-arrayish "^0.3.1"
  
  sliced@latest:
    version "1.0.1"
    resolved "https://registry.yarnpkg.com/sliced/-/sliced-1.0.1.tgz#0b3a662b5d04c3177b1926bea82b03f837a2ef41"
    integrity sha1-CzpmK10Ewxd7GSa+qCsD+Dei70E=
  
  ts-node@^10.2.1:
    version "10.2.1"
    resolved "https://registry.yarnpkg.com/ts-node/-/ts-node-10.2.1.tgz#4cc93bea0a7aba2179497e65bb08ddfc198b3ab5"
    integrity sha512-hCnyOyuGmD5wHleOQX6NIjJtYVIO8bPP8F2acWkB4W06wdlkgyvJtubO/I9NkI88hCFECbsEgoLc0VNkYmcSfw==
    dependencies:
      "@cspotcode/source-map-support" "0.6.1"
      "@tsconfig/node10" "^1.0.7"
      "@tsconfig/node12" "^1.0.7"
      "@tsconfig/node14" "^1.0.0"
      "@tsconfig/node16" "^1.0.2"
      acorn "^8.4.1"
      acorn-walk "^8.1.1"
      arg "^4.1.0"
      create-require "^1.1.0"
      diff "^4.0.1"
      make-error "^1.1.1"
      yn "3.1.1"
  
  type-detect@0.1.1:
    version "0.1.1"
    resolved "https://registry.yarnpkg.com/type-detect/-/type-detect-0.1.1.tgz#0ba5ec2a885640e470ea4e8505971900dac58822"
    integrity sha1-C6XsKohWQORw6k6FBZcZANrFiCI=
  
  type-detect@^1.0.0:
    version "1.0.0"
    resolved "https://registry.yarnpkg.com/type-detect/-/type-detect-1.0.0.tgz#762217cc06db258ec48908a1298e8b95121e8ea2"
    integrity sha1-diIXzAbbJY7EiQihKY6LlRIejqI=
  
  typescript@^4.4.2:
    version "4.4.2"
    resolved "https://registry.yarnpkg.com/typescript/-/typescript-4.4.2.tgz#6d618640d430e3569a1dfb44f7d7e600ced3ee86"
    integrity sha512-gzP+t5W4hdy4c+68bfcv0t400HVJMMd2+H9B7gae1nQlBzCqvrXX+6GL/b3GAgyTH966pzrZ70/fRjwAtZksSQ==
  
  yn@3.1.1:
    version "3.1.1"
    resolved "https://registry.yarnpkg.com/yn/-/yn-3.1.1.tgz#1e87401a09d767c1d5eab26a6e4c185182d2eb50"
    integrity sha512-Ux4ygGWsu2c7isFWe8Yu1YluJmqVhxqK2cLXNQA5AcC3QfbGNpM7fu0Y8b/z16pXLnFxZYvWhd3fhBY9DLmC6Q==
